c:\work\visual_studio\x64\release\ale.pdb
c:\work\visual_studio\x64\release\cart4k.obj
c:\work\visual_studio\x64\release\cart4a50.obj
c:\work\visual_studio\x64\release\cart3f.obj
c:\work\visual_studio\x64\release\cart3e.obj
c:\work\visual_studio\x64\release\cart2k.obj
c:\work\visual_studio\x64\release\cart0840.obj
c:\work\visual_studio\x64\release\cart.obj
c:\work\visual_studio\x64\release\booster.obj
c:\work\visual_studio\x64\release\atarivox.obj
c:\work\visual_studio\x64\release\rlglue_controller.obj
c:\work\visual_studio\x64\release\ale_controller.obj
c:\work\visual_studio\x64\release\soundsdl.obj
c:\work\visual_studio\x64\release\soundnull.obj
c:\work\visual_studio\x64\release\soundexporter.obj
c:\work\visual_studio\x64\release\screenexporter.obj
c:\work\visual_studio\x64\release\log.obj
c:\work\visual_studio\x64\release\display_screen.obj
c:\work\visual_studio\x64\release\constants.obj
c:\work\visual_studio\x64\release\colourpalette.obj
c:\work\visual_studio\x64\release\ale_interface.obj
c:\work\visual_studio\x64\release\driving.obj
c:\work\visual_studio\x64\release\deserializer.obj
c:\work\visual_studio\x64\release\control.obj
c:\work\visual_studio\x64\release\console.obj
c:\work\visual_studio\x64\release\cartua.obj
c:\work\visual_studio\x64\release\cartmc.obj
c:\work\visual_studio\x64\release\cartmb.obj
c:\work\visual_studio\x64\release\cartfe.obj
c:\work\visual_studio\x64\release\cartfasc.obj
c:\work\visual_studio\x64\release\cartf8sc.obj
c:\work\visual_studio\x64\release\cartf8.obj
c:\work\visual_studio\x64\release\cartf6sc.obj
c:\work\visual_studio\x64\release\cartf6.obj
c:\work\visual_studio\x64\release\cartf4sc.obj
c:\work\visual_studio\x64\release\cartf4.obj
c:\work\visual_studio\x64\release\carte7.obj
c:\work\visual_studio\x64\release\carte0.obj
c:\work\visual_studio\x64\release\cartdpc.obj
c:\work\visual_studio\x64\release\cartcv.obj
c:\work\visual_studio\x64\release\cartar.obj
c:\work\visual_studio\x64\release\elements.obj
c:\work\visual_studio\x64\release\darray.obj
c:\work\visual_studio\x64\release\random.obj
c:\work\visual_studio\x64\release\propsset.obj
c:\work\visual_studio\x64\release\props.obj
c:\work\visual_studio\x64\release\paddles.obj
c:\work\visual_studio\x64\release\osystem.obj
c:\work\visual_studio\x64\release\mediasrc.obj
c:\work\visual_studio\x64\release\md5.obj
c:\work\visual_studio\x64\release\m6532.obj
c:\work\visual_studio\x64\release\system.obj
c:\work\visual_studio\x64\release\nulldev.obj
c:\work\visual_studio\x64\release\m6502low.obj
c:\work\visual_studio\x64\release\m6502hi.obj
c:\work\visual_studio\x64\release\m6502.obj
c:\work\visual_studio\x64\release\device.obj
c:\work\visual_studio\x64\release\keyboard.obj
c:\work\visual_studio\x64\release\joystick.obj
c:\work\visual_studio\x64\release\fsnode.obj
c:\work\visual_studio\x64\release\event.obj
c:\work\visual_studio\x64\release\romutils.obj
c:\work\visual_studio\x64\release\romsettings.obj
c:\work\visual_studio\x64\release\roms.obj
c:\work\visual_studio\x64\release\tinymt32.obj
c:\work\visual_studio\x64\release\stella_environment_wrapper.obj
c:\work\visual_studio\x64\release\stella_environment.obj
c:\work\visual_studio\x64\release\phosphor_blend.obj
c:\work\visual_studio\x64\release\ale_state.obj
c:\work\visual_studio\x64\release\unzip.obj
c:\work\visual_studio\x64\release\tiasnd.obj
c:\work\visual_studio\x64\release\tia.obj
c:\work\visual_studio\x64\release\switches.obj
c:\work\visual_studio\x64\release\speakjet.obj
c:\work\visual_studio\x64\release\settings.obj
c:\work\visual_studio\x64\release\serializer.obj
c:\work\visual_studio\x64\release\trie.obj
c:\work\visual_studio\x64\release\phtoelm.obj
c:\work\visual_studio\x64\release\phones.obj
c:\work\visual_studio\x64\release\opsynth.obj
c:\work\visual_studio\x64\release\holmes.obj
c:\work\visual_studio\x64\release\defender.obj
c:\work\visual_studio\x64\release\crazyclimber.obj
c:\work\visual_studio\x64\release\choppercommand.obj
c:\work\visual_studio\x64\release\centipede.obj
c:\work\visual_studio\x64\release\carnival.obj
c:\work\visual_studio\x64\release\breakout.obj
c:\work\visual_studio\x64\release\boxing.obj
c:\work\visual_studio\x64\release\bowling.obj
c:\work\visual_studio\x64\release\berzerk.obj
c:\work\visual_studio\x64\release\beamrider.obj
c:\work\visual_studio\x64\release\battlezone.obj
c:\work\visual_studio\x64\release\bankheist.obj
c:\work\visual_studio\x64\release\atlantis.obj
c:\work\visual_studio\x64\release\asteroids.obj
c:\work\visual_studio\x64\release\asterix.obj
c:\work\visual_studio\x64\release\assault.obj
c:\work\visual_studio\x64\release\amidar.obj
c:\work\visual_studio\x64\release\alien.obj
c:\work\visual_studio\x64\release\airraid.obj
c:\work\visual_studio\x64\release\adventure.obj
c:\work\visual_studio\x64\release\kingkong.obj
c:\work\visual_studio\x64\release\keystonekapers.obj
c:\work\visual_studio\x64\release\kangaroo.obj
c:\work\visual_studio\x64\release\kaboom.obj
c:\work\visual_studio\x64\release\journeyescape.obj
c:\work\visual_studio\x64\release\jamesbond.obj
c:\work\visual_studio\x64\release\icehockey.obj
c:\work\visual_studio\x64\release\hero.obj
c:\work\visual_studio\x64\release\gravitar.obj
c:\work\visual_studio\x64\release\gopher.obj
c:\work\visual_studio\x64\release\galaxian.obj
c:\work\visual_studio\x64\release\frostbite.obj
c:\work\visual_studio\x64\release\frogger.obj
c:\work\visual_studio\x64\release\freeway.obj
c:\work\visual_studio\x64\release\fishingderby.obj
c:\work\visual_studio\x64\release\enduro.obj
c:\work\visual_studio\x64\release\elevatoraction.obj
c:\work\visual_studio\x64\release\doubledunk.obj
c:\work\visual_studio\x64\release\donkeykong.obj
c:\work\visual_studio\x64\release\demonattack.obj
c:\work\visual_studio\x64\release\sirlancelot.obj
c:\work\visual_studio\x64\release\seaquest.obj
c:\work\visual_studio\x64\release\robotank.obj
c:\work\visual_studio\x64\release\roadrunner.obj
c:\work\visual_studio\x64\release\riverraid.obj
c:\work\visual_studio\x64\release\qbert.obj
c:\work\visual_studio\x64\release\privateeye.obj
c:\work\visual_studio\x64\release\pooyan.obj
c:\work\visual_studio\x64\release\pong.obj
c:\work\visual_studio\x64\release\pitfall.obj
c:\work\visual_studio\x64\release\phoenix.obj
c:\work\visual_studio\x64\release\namethisgame.obj
c:\work\visual_studio\x64\release\mspacman.obj
c:\work\visual_studio\x64\release\mrdo.obj
c:\work\visual_studio\x64\release\montezumarevenge.obj
c:\work\visual_studio\x64\release\lostluggage.obj
c:\work\visual_studio\x64\release\lasergates.obj
c:\work\visual_studio\x64\release\kungfumaster.obj
c:\work\visual_studio\x64\release\krull.obj
c:\work\visual_studio\x64\release\koolaid.obj
c:\work\visual_studio\x64\release\settingsunix.obj
c:\work\visual_studio\x64\release\osystemwin32.obj
c:\work\visual_studio\x64\release\fsnodewin32.obj
c:\work\visual_studio\x64\release\main.obj
c:\work\visual_studio\x64\release\zaxxon.obj
c:\work\visual_studio\x64\release\yarsrevenge.obj
c:\work\visual_studio\x64\release\wizardofwor.obj
c:\work\visual_studio\x64\release\videopinball.obj
c:\work\visual_studio\x64\release\venture.obj
c:\work\visual_studio\x64\release\upndown.obj
c:\work\visual_studio\x64\release\tutankham.obj
c:\work\visual_studio\x64\release\turmoil.obj
c:\work\visual_studio\x64\release\trondead.obj
c:\work\visual_studio\x64\release\timepilot.obj
c:\work\visual_studio\x64\release\tetris.obj
c:\work\visual_studio\x64\release\tennis.obj
c:\work\visual_studio\x64\release\stargunner.obj
c:\work\visual_studio\x64\release\spaceinvaders.obj
c:\work\visual_studio\x64\release\solaris.obj
c:\work\visual_studio\x64\release\skiing.obj
c:\work\visual_studio\x64\release\settingswin32.obj
c:\work\visual_studio\x64\release\ale.lib
c:\work\visual_studio\x64\release\ale_c_wrapper.obj
c:\work\visual_studio\x64\release\ale_python_interface.exp
c:\work\visual_studio\x64\release\ale_python_interface.pdb
c:\work\visual_studio\x64\release\vc141.pdb
c:\work\visual_studio\x64\release\ale.tlog\cl.command.1.tlog
c:\work\visual_studio\x64\release\ale.tlog\cl.read.1.tlog
c:\work\visual_studio\x64\release\ale.tlog\cl.write.1.tlog
c:\work\visual_studio\x64\release\ale.tlog\lib-link.read.1.tlog
c:\work\visual_studio\x64\release\ale.tlog\lib-link.write.1.tlog
c:\work\visual_studio\x64\release\ale.tlog\lib.command.1.tlog
